-----------------------------------------------------------------------------------------------------------------------
      name:  <unnamed>
       log:  /Users/hteza/Desktop/Class/RACE626/Assignment_3_LA/A3LA/A3LA.log
  log type:  text
 opened on:   9 Mar 2020, 22:12:22

. do "/Users/hteza/Desktop/Class/RACE626/Assignment_3_LA/A3LA.do"

. use "/Users/hteza/Desktop/Class/RACE626/Assignment_3_LA/Pedometry data.dta"
(Pedometry data for all subjects)

. d

Contains data from /Users/hteza/Desktop/Class/RACE626/Assignment_3_LA/Pedometry data.dta
  obs:         1,050                          Pedometry data for all subjects
 vars:             6                          17 Feb 2020 10:28
                                              (_dta has notes)
-----------------------------------------------------------------------------------------------------------------------
              storage   display    value
variable name   type    format     label      variable label
-----------------------------------------------------------------------------------------------------------------------
id              long    %15.0f                
agegr           float   %9.0g      agegr      
sex             str1    %9s                   
bmi_gr          float   %9.0g                 
day             str9    %9s                   
steps           long    %12.0g                
-----------------------------------------------------------------------------------------------------------------------
Sorted by: sex

. misstable sum
(variables nonmissing or string)

. * no missing data
. 
. tab day

        day |      Freq.     Percent        Cum.
------------+-----------------------------------
     Friday |        150       14.29       14.29
     Monday |        150       14.29       28.57
   Saturday |        150       14.29       42.86
     Sunday |        150       14.29       57.14
   Thursday |        150       14.29       71.43
    Tuesday |        150       14.29       85.71
  Wednesday |        150       14.29      100.00
------------+-----------------------------------
      Total |      1,050      100.00

. * 150 subject 1 week
. 
. encode sex, gen (gender)

. numlabel, add

. 
. * string to numeric categorical
. encode day, gen (day1)

. numlabel, add

. * not in order
. 
. * reorder the ordinal
. recode day1 (4=1 "Sunday") (2=2 "Monday") (6=3 "Tuesday") (7=4 "Wednesday") (5=5 "Thursday") (1=6 "Friday") (3=7 "Sat
> urday"), gen(dow)
(750 differences between day1 and dow)

. numlabel, add

. tab dow

   RECODE of |
        day1 |      Freq.     Percent        Cum.
-------------+-----------------------------------
   1. Sunday |        150       14.29       14.29
   2. Monday |        150       14.29       28.57
  3. Tuesday |        150       14.29       42.86
4. Wednesday |        150       14.29       57.14
 5. Thursday |        150       14.29       71.43
   6. Friday |        150       14.29       85.71
 7. Saturday |        150       14.29      100.00
-------------+-----------------------------------
       Total |      1,050      100.00

. 
. *************************
. 
. * steps x days of week
. 
. * descriptive statistics
. bysort dow : sum steps,d

-----------------------------------------------------------------------------------------------------------------------
-> dow = 1. Sunday

                            steps
-------------------------------------------------------------
      Percentiles      Smallest
 1%          972            647
 5%         2661            972
10%       3115.5           1371       Obs                 150
25%         5110           1583       Sum of Wgt.         150

50%       7112.5                      Mean           12109.79
                        Largest       Std. Dev.      12538.17
75%        13394          53137
90%      27281.5          54320       Variance       1.57e+08
95%        43218          63924       Skewness        2.44417
99%        63924          71537       Kurtosis       9.359657

-----------------------------------------------------------------------------------------------------------------------
-> dow = 2. Monday

                            steps
-------------------------------------------------------------
      Percentiles      Smallest
 1%         1125           1048
 5%         2029           1125
10%         3170           1163       Obs                 150
25%         4914           1421       Sum of Wgt.         150

50%         8479                      Mean           12860.15
                        Largest       Std. Dev.      14180.28
75%        13243          70602
90%      28199.5          71489       Variance       2.01e+08
95%        42126          71825       Skewness       2.681334
99%        71825          77393       Kurtosis       10.77989

-----------------------------------------------------------------------------------------------------------------------
-> dow = 3. Tuesday

                            steps
-------------------------------------------------------------
      Percentiles      Smallest
 1%         1085            722
 5%         3067           1085
10%       3679.5           1779       Obs                 150
25%         5965           2010       Sum of Wgt.         150

50%         9014                      Mean           15108.64
                        Largest       Std. Dev.      15217.64
75%        18140          65046
90%        36160          67953       Variance       2.32e+08
95%        54699          68992       Skewness       1.907617
99%        68992          72668       Kurtosis        6.20434

-----------------------------------------------------------------------------------------------------------------------
-> dow = 4. Wednesday

                            steps
-------------------------------------------------------------
      Percentiles      Smallest
 1%          782            562
 5%         1767            782
10%       2779.5            908       Obs                 150
25%         4793            916       Sum of Wgt.         150

50%       8878.5                      Mean           13161.99
                        Largest       Std. Dev.      14752.89
75%        14421          66652
90%        28221          67035       Variance       2.18e+08
95%        54099          67737       Skewness       2.538328
99%        67737          81864       Kurtosis       9.452212

-----------------------------------------------------------------------------------------------------------------------
-> dow = 5. Thursday

                            steps
-------------------------------------------------------------
      Percentiles      Smallest
 1%         1327           1202
 5%         2323           1327
10%       3946.5           1531       Obs                 150
25%         6219           1730       Sum of Wgt.         150

50%       9202.5                      Mean           15784.52
                        Largest       Std. Dev.      18392.01
75%        14100          80336
90%      37959.5          80843       Variance       3.38e+08
95%        61336          91477       Skewness       2.472584
99%        91477          92656       Kurtosis       8.776133

-----------------------------------------------------------------------------------------------------------------------
-> dow = 6. Friday

                            steps
-------------------------------------------------------------
      Percentiles      Smallest
 1%          893            874
 5%         1728            893
10%         3098            913       Obs                 150
25%         5305           1018       Sum of Wgt.         150

50%         7774                      Mean           13856.68
                        Largest       Std. Dev.      15610.64
75%        14932          62817
90%        34657          66615       Variance       2.44e+08
95%        49832          72628       Skewness       2.236123
99%        72628          84179       Kurtosis       7.848963

-----------------------------------------------------------------------------------------------------------------------
-> dow = 7. Saturday

                            steps
-------------------------------------------------------------
      Percentiles      Smallest
 1%          777            596
 5%         1748            777
10%         2257            814       Obs                 150
25%         4800            915       Sum of Wgt.         150

50%         8242                      Mean           12611.45
                        Largest       Std. Dev.       13187.8
75%        14800          56323
90%        29764          59630       Variance       1.74e+08
95%        41779          60379       Skewness        2.52643
99%        60379          87212       Kurtosis         11.237


. * not normally distributed
. * I will report median with iqr
. 
. *declare multiple
. xtset id dow
       panel variable:  id (unbalanced)
        time variable:  dow, 1 to 7, but with gaps
                delta:  1 unit

. 
. * Mixed linear model with random intercept
. mixed steps i.dow ||id:, nolog

Mixed-effects ML regression                     Number of obs     =      1,050
Group variable: id                              Number of groups  =        559

                                                Obs per group:
                                                              min =          1
                                                              avg =        1.9
                                                              max =          5

                                                Wald chi2(6)      =      10.69
Log likelihood = -11450.232                     Prob > chi2       =     0.0984

-------------------------------------------------------------------------------
        steps |      Coef.   Std. Err.      z    P>|z|     [95% Conf. Interval]
--------------+----------------------------------------------------------------
          dow |
   2. Monday  |   1596.927   1260.063     1.27   0.205    -872.7513    4066.605
  3. Tuesday  |    3309.73   1270.417     2.61   0.009     819.7576    5799.702
4. Wednesday  |   1595.204   1281.356     1.24   0.213    -916.2076    4106.616
 5. Thursday  |   3332.352   1289.289     2.58   0.010     805.3933    5859.312
   6. Friday  |   2080.816   1276.921     1.63   0.103    -421.9032    4583.535
 7. Saturday  |   865.8674   1261.334     0.69   0.492    -1606.302    3338.037
              |
        _cons |   12158.62   1028.744    11.82   0.000     10142.32    14174.92
-------------------------------------------------------------------------------

------------------------------------------------------------------------------
  Random-effects Parameters  |   Estimate   Std. Err.     [95% Conf. Interval]
-----------------------------+------------------------------------------------
id: Identity                 |
                  var(_cons) |   1.52e+08   1.28e+07      1.29e+08    1.80e+08
-----------------------------+------------------------------------------------
               var(Residual) |   8.01e+07    5189000      7.05e+07    9.09e+07
------------------------------------------------------------------------------
LR test vs. linear model: chibar2(01) = 257.70        Prob >= chibar2 = 0.0000

. 
. numlabel, remove

. * margin adjusted pred with 95 CI
. margin dow

Adjusted predictions                            Number of obs     =      1,050

Expression   : Linear prediction, fixed portion, predict()

------------------------------------------------------------------------------
             |            Delta-method
             |     Margin   Std. Err.      z    P>|z|     [95% Conf. Interval]
-------------+----------------------------------------------------------------
         dow |
     Sunday  |   12158.62   1028.744    11.82   0.000     10142.32    14174.92
     Monday  |   13755.55   1016.999    13.53   0.000     11762.27    15748.83
    Tuesday  |   15468.35   1029.757    15.02   0.000     13450.07    17486.64
  Wednesday  |   13753.83   1028.808    13.37   0.000      11737.4    15770.25
   Thursday  |   15490.97   1028.678    15.06   0.000      13474.8    17507.15
     Friday  |   14239.44    1027.45    13.86   0.000     12225.67     16253.2
   Saturday  |   13024.49   1020.945    12.76   0.000     11023.47     15025.5
------------------------------------------------------------------------------

. *marginsplot
. 
. *************************
. 
. * steps x dow x age group
. 
. * descriptive statistics
. bysort agegr : sum steps,d

-----------------------------------------------------------------------------------------------------------------------
-> agegr = <=65

                            steps
-------------------------------------------------------------
      Percentiles      Smallest
 1%         1202            647
 5%         2666            782
10%         3625           1048       Obs                 547
25%         6027           1069       Sum of Wgt.         547

50%         9426                      Mean           15194.34
                        Largest       Std. Dev.      16103.06
75%        15801          80843
90%        35677          81864       Variance       2.59e+08
95%        56268          91477       Skewness       2.280493
99%        74684          92656       Kurtosis       8.154444

-----------------------------------------------------------------------------------------------------------------------
-> agegr = 66-75

                            steps
-------------------------------------------------------------
      Percentiles      Smallest
 1%          908            562
 5%         1624            777
10%         2896            893       Obs                 367
25%         4732            908       Sum of Wgt.         367

50%         7557                      Mean           12394.77
                        Largest       Std. Dev.      13780.91
75%        13394          71489
90%        28653          74299       Variance       1.90e+08
95%        45002          80336       Skewness       2.554352
99%        71489          84179       Kurtosis       10.12739

-----------------------------------------------------------------------------------------------------------------------
-> agegr = >75

                            steps
-------------------------------------------------------------
      Percentiles      Smallest
 1%          722            596
 5%         1779            722
10%         2496            814       Obs                 136
25%       3725.5            874       Sum of Wgt.         136

50%         7087                      Mean            10763.2
                        Largest       Std. Dev.      12320.87
75%      11125.5          42567
90%        26905          54876       Variance       1.52e+08
95%        32713          66652       Skewness       3.199213
99%        66652          87212       Kurtosis       16.42322


. 
. * Mixed linear model with random intercept
. * without interaction
. mixed steps i.agegr i.dow ||id:, nolog

Mixed-effects ML regression                     Number of obs     =      1,050
Group variable: id                              Number of groups  =        559

                                                Obs per group:
                                                              min =          1
                                                              avg =        1.9
                                                              max =          5

                                                Wald chi2(8)      =      20.53
Log likelihood = -11445.375                     Prob > chi2       =     0.0085

------------------------------------------------------------------------------
       steps |      Coef.   Std. Err.      z    P>|z|     [95% Conf. Interval]
-------------+----------------------------------------------------------------
       agegr |
      66-75  |  -3267.182   1296.867    -2.52   0.012    -5808.994   -725.3692
        >75  |  -4755.208   1920.538    -2.48   0.013    -8519.393   -991.0237
             |
         dow |
     Monday  |   1561.724   1258.956     1.24   0.215    -905.7837    4029.231
    Tuesday  |   3224.053   1269.449     2.54   0.011     735.9792    5712.126
  Wednesday  |   1504.483   1280.067     1.18   0.240    -1004.403    4013.369
   Thursday  |   3386.032    1287.44     2.63   0.009     862.6967    5909.367
     Friday  |   2074.637   1276.109     1.63   0.104    -426.4902    4575.765
   Saturday  |     858.32   1259.804     0.68   0.496     -1610.85     3327.49
             |
       _cons |   13913.06   1179.355    11.80   0.000     11601.57    16224.56
------------------------------------------------------------------------------

------------------------------------------------------------------------------
  Random-effects Parameters  |   Estimate   Std. Err.     [95% Conf. Interval]
-----------------------------+------------------------------------------------
id: Identity                 |
                  var(_cons) |   1.49e+08   1.26e+07      1.26e+08    1.76e+08
-----------------------------+------------------------------------------------
               var(Residual) |   8.01e+07    5190836      7.06e+07    9.10e+07
------------------------------------------------------------------------------
LR test vs. linear model: chibar2(01) = 253.54        Prob >= chibar2 = 0.0000

. margin agegr

Predictive margins                              Number of obs     =      1,050

Expression   : Linear prediction, fixed portion, predict()

------------------------------------------------------------------------------
             |            Delta-method
             |     Margin   Std. Err.      z    P>|z|     [95% Conf. Interval]
-------------+----------------------------------------------------------------
       agegr |
       <=65  |   15714.39   825.1341    19.04   0.000     14097.15    17331.62
      66-75  |    12447.2    999.585    12.45   0.000     10488.05    14406.36
        >75  |   10959.18   1734.172     6.32   0.000     7560.264    14358.09
------------------------------------------------------------------------------

. margin dow, by(agegr)

Predictive margins                              Number of obs     =      1,050

Expression   : Linear prediction, fixed portion, predict()
over         : agegr

----------------------------------------------------------------------------------
                 |            Delta-method
                 |     Margin   Std. Err.      z    P>|z|     [95% Conf. Interval]
-----------------+----------------------------------------------------------------
       agegr#dow |
    <=65#Sunday  |   13913.06   1179.355    11.80   0.000     11601.57    16224.56
    <=65#Monday  |   15474.79   1159.942    13.34   0.000     13201.34    17748.23
   <=65#Tuesday  |   17137.12   1162.858    14.74   0.000     14857.96    19416.28
 <=65#Wednesday  |   15417.55   1162.452    13.26   0.000     13139.18    17695.91
  <=65#Thursday  |    17299.1   1185.239    14.60   0.000     14976.07    19622.12
    <=65#Friday  |    15987.7    1171.84    13.64   0.000     13690.94    18284.47
  <=65#Saturday  |   14771.38   1168.566    12.64   0.000     12481.04    17061.73
   66-75#Sunday  |   10645.88   1285.856     8.28   0.000     8125.651    13166.12
   66-75#Monday  |   12207.61   1297.327     9.41   0.000     9664.893    14750.32
  66-75#Tuesday  |   13869.94   1314.961    10.55   0.000     11292.66    16447.21
66-75#Wednesday  |   12150.37   1309.114     9.28   0.000     9584.551    14716.18
 66-75#Thursday  |   14031.92   1285.214    10.92   0.000     11512.94    16550.89
   66-75#Friday  |   12720.52   1310.433     9.71   0.000     10152.12    15288.92
 66-75#Saturday  |    11504.2    1289.69     8.92   0.000     8976.458    14031.95
     >75#Sunday  |   9157.857   1936.813     4.73   0.000     5361.773    12953.94
     >75#Monday  |   10719.58   1912.779     5.60   0.000     6970.603    14468.56
    >75#Tuesday  |   12381.91   1926.071     6.43   0.000      8606.88    16156.94
  >75#Wednesday  |   10662.34   1934.833     5.51   0.000     6870.137    14454.54
   >75#Thursday  |   12543.89   1922.023     6.53   0.000     8776.793    16310.98
     >75#Friday  |   11232.49   1901.476     5.91   0.000     7505.669    14959.32
   >75#Saturday  |   10016.18   1922.468     5.21   0.000     6248.209    13784.14
----------------------------------------------------------------------------------

. * marginsplot
. 
. * interaction
. mixed steps i.agegr##i.dow||id:, nolog

Mixed-effects ML regression                     Number of obs     =      1,050
Group variable: id                              Number of groups  =        559

                                                Obs per group:
                                                              min =          1
                                                              avg =        1.9
                                                              max =          5

                                                Wald chi2(20)     =      31.81
Log likelihood = -11439.877                     Prob > chi2       =     0.0454

----------------------------------------------------------------------------------
           steps |      Coef.   Std. Err.      z    P>|z|     [95% Conf. Interval]
-----------------+----------------------------------------------------------------
           agegr |
          66-75  |  -4388.146   2176.385    -2.02   0.044    -8653.782   -122.5099
            >75  |  -5120.932   3376.895    -1.52   0.129    -11739.52    1497.661
                 |
             dow |
         Monday  |  -111.8565   1768.955    -0.06   0.950    -3578.945    3355.232
        Tuesday  |   2927.572   1764.211     1.66   0.097    -530.2184    6385.362
      Wednesday  |   1075.722   1763.513     0.61   0.542    -2380.701    4532.144
       Thursday  |   3745.546   1868.626     2.00   0.045     83.10627    7407.986
         Friday  |   1996.707   1826.464     1.09   0.274    -1583.097     5576.51
       Saturday  |  -78.54296   1781.155    -0.04   0.965    -3569.542    3412.456
                 |
       agegr#dow |
   66-75#Monday  |   2846.447   2703.899     1.05   0.292    -2453.098    8145.991
  66-75#Tuesday  |   9.777327   2741.061     0.00   0.997    -5362.604    5382.159
66-75#Wednesday  |    444.245   2796.397     0.16   0.874    -5036.592    5925.082
 66-75#Thursday  |    589.392   2767.944     0.21   0.831    -4835.679    6014.463
   66-75#Friday  |   2137.853   2778.013     0.77   0.442    -3306.952    7582.658
 66-75#Saturday  |    1894.78   2682.154     0.71   0.480    -3362.146    7151.706
     >75#Monday  |   5059.084   3996.768     1.27   0.206    -2774.437    12892.61
    >75#Tuesday  |   2417.594   4057.381     0.60   0.551    -5534.727    10369.92
  >75#Wednesday  |    1338.71   4035.824     0.33   0.740    -6571.359    9248.779
   >75#Thursday  |  -3710.534   3927.192    -0.94   0.345    -11407.69    3986.622
     >75#Friday  |  -3270.409   3852.236    -0.85   0.396    -10820.65    4279.836
   >75#Saturday  |    2269.06    4101.35     0.55   0.580    -5769.438    10307.56
                 |
           _cons |    14352.2   1466.272     9.79   0.000     11478.36    17226.04
----------------------------------------------------------------------------------

------------------------------------------------------------------------------
  Random-effects Parameters  |   Estimate   Std. Err.     [95% Conf. Interval]
-----------------------------+------------------------------------------------
id: Identity                 |
                  var(_cons) |   1.49e+08   1.26e+07      1.26e+08    1.76e+08
-----------------------------+------------------------------------------------
               var(Residual) |   7.87e+07    5114428      6.93e+07    8.94e+07
------------------------------------------------------------------------------
LR test vs. linear model: chibar2(01) = 254.36        Prob >= chibar2 = 0.0000

. margin dow, by(agegr)

Predictive margins                              Number of obs     =      1,050

Expression   : Linear prediction, fixed portion, predict()
over         : agegr

----------------------------------------------------------------------------------
                 |            Delta-method
                 |     Margin   Std. Err.      z    P>|z|     [95% Conf. Interval]
-----------------+----------------------------------------------------------------
       agegr#dow |
    <=65#Sunday  |    14352.2   1466.272     9.79   0.000     11478.36    17226.04
    <=65#Monday  |   14240.35    1401.02    10.16   0.000      11494.4     16986.3
   <=65#Tuesday  |   17279.78   1378.201    12.54   0.000     14578.55       19981
 <=65#Wednesday  |   15427.93   1349.916    11.43   0.000     12782.14    18073.71
  <=65#Thursday  |   18097.75   1462.954    12.37   0.000     15230.41    20965.09
    <=65#Friday  |   16348.91   1413.266    11.57   0.000     13578.96    19118.86
  <=65#Saturday  |   14273.66   1408.554    10.13   0.000     11512.95    17034.38
   66-75#Sunday  |   9964.059   1608.321     6.20   0.000     6811.807    13116.31
   66-75#Monday  |   12698.65   1717.284     7.39   0.000     9332.835    16064.46
  66-75#Tuesday  |   12901.41   1795.785     7.18   0.000     9381.734    16421.08
66-75#Wednesday  |   11484.03   1838.921     6.24   0.000     7879.807    15088.24
 66-75#Thursday  |      14299   1656.048     8.63   0.000      11053.2    17544.79
   66-75#Friday  |   14098.62   1805.372     7.81   0.000     10560.15    17637.08
 66-75#Saturday  |    11780.3   1680.822     7.01   0.000     8485.946    15074.65
     >75#Sunday  |   9231.272   3041.951     3.03   0.002     3269.158    15193.39
     >75#Monday  |    14178.5   2726.303     5.20   0.000     8835.044    19521.96
    >75#Tuesday  |   14576.44   2858.505     5.10   0.000     8973.871    20179.01
  >75#Wednesday  |    11645.7   2961.076     3.93   0.000     5842.102    17449.31
   >75#Thursday  |   9266.285   2787.751     3.32   0.001     3802.394    14730.18
     >75#Friday  |    7957.57   2562.411     3.11   0.002     2935.337     12979.8
   >75#Saturday  |   11421.79   2902.514     3.94   0.000     5732.966    17110.61
----------------------------------------------------------------------------------

. * marginsplot
. 
. *************************
. 
. * steps x dow x gender
. 
. * descriptive statistics
. bysort gender : sum steps,d

-----------------------------------------------------------------------------------------------------------------------
-> gender = F

                            steps
-------------------------------------------------------------
      Percentiles      Smallest
 1%          972            596
 5%         2362            647
10%         3166            777       Obs                 546
25%         5145            913       Sum of Wgt.         546

50%       8617.5                      Mean           13891.38
                        Largest       Std. Dev.       15306.9
75%        14338          72668
90%        32829          77393       Variance       2.34e+08
95%        51496          87212       Skewness       2.366979
99%        71825          92656       Kurtosis       8.669172

-----------------------------------------------------------------------------------------------------------------------
-> gender = M

                            steps
-------------------------------------------------------------
      Percentiles      Smallest
 1%          893            562
 5%         1794            722
10%         3005            782       Obs                 504
25%         5179            814       Sum of Wgt.         504

50%         8466                      Mean            13371.6
                        Largest       Std. Dev.      14573.83
75%      14342.5          80843
90%        30115          81864       Variance       2.12e+08
95%        44229          84179       Skewness       2.592214
99%        74684          91477       Kurtosis       10.51622


. 
. * Mixed linear model with random intercept
. * without interaction
. mixed steps i.gender i.dow||id:, nolog

Mixed-effects ML regression                     Number of obs     =      1,050
Group variable: id                              Number of groups  =        559

                                                Obs per group:
                                                              min =          1
                                                              avg =        1.9
                                                              max =          5

                                                Wald chi2(7)      =      11.10
Log likelihood = -11450.028                     Prob > chi2       =     0.1343

------------------------------------------------------------------------------
       steps |      Coef.   Std. Err.      z    P>|z|     [95% Conf. Interval]
-------------+----------------------------------------------------------------
      gender |
          M  |  -770.6161   1208.247    -0.64   0.524    -3138.738    1597.505
             |
         dow |
     Monday  |   1595.359   1259.929     1.27   0.205    -874.0571    4064.775
    Tuesday  |   3340.014   1271.162     2.63   0.009     848.5825    5831.445
  Wednesday  |   1621.377   1281.866     1.26   0.206     -891.034    4133.789
   Thursday  |   3371.251   1290.571     2.61   0.009     841.7774    5900.724
     Friday  |   2114.463   1277.872     1.65   0.098    -390.1197    4619.045
   Saturday  |    891.995   1261.856     0.71   0.480    -1581.197    3365.187
             |
       _cons |   12505.34   1163.438    10.75   0.000     10225.04    14785.64
------------------------------------------------------------------------------

------------------------------------------------------------------------------
  Random-effects Parameters  |   Estimate   Std. Err.     [95% Conf. Interval]
-----------------------------+------------------------------------------------
id: Identity                 |
                  var(_cons) |   1.52e+08   1.28e+07      1.29e+08    1.80e+08
-----------------------------+------------------------------------------------
               var(Residual) |   8.01e+07    5187672      7.05e+07    9.09e+07
------------------------------------------------------------------------------
LR test vs. linear model: chibar2(01) = 257.45        Prob >= chibar2 = 0.0000

. margin gender

Predictive margins                              Number of obs     =      1,050

Expression   : Linear prediction, fixed portion, predict()

------------------------------------------------------------------------------
             |            Delta-method
             |     Margin   Std. Err.      z    P>|z|     [95% Conf. Interval]
-------------+----------------------------------------------------------------
      gender |
          F  |   14353.12   834.7773    17.19   0.000     12716.99    15989.25
          M  |    13582.5   871.6526    15.58   0.000      11874.1    15290.91
------------------------------------------------------------------------------

. margin dow, by(gender)

Predictive margins                              Number of obs     =      1,050

Expression   : Linear prediction, fixed portion, predict()
over         : gender

------------------------------------------------------------------------------
             |            Delta-method
             |     Margin   Std. Err.      z    P>|z|     [95% Conf. Interval]
-------------+----------------------------------------------------------------
  gender#dow |
   F#Sunday  |   12505.34   1163.438    10.75   0.000     10225.04    14785.64
   F#Monday  |    14100.7    1151.94    12.24   0.000     11842.94    16358.46
  F#Tuesday  |   15845.35   1187.237    13.35   0.000     13518.41     18172.3
F#Wednesday  |   14126.72   1183.189    11.94   0.000     11807.71    16445.73
 F#Thursday  |   15876.59   1192.982    13.31   0.000     13538.39    18214.79
   F#Friday  |    14619.8    1187.95    12.31   0.000     12291.46    16948.14
 F#Saturday  |   13397.34    1176.28    11.39   0.000     11091.87     15702.8
   M#Sunday  |   11734.72   1224.544     9.58   0.000     9334.663    14134.79
   M#Monday  |   13330.08    1216.02    10.96   0.000     10946.73    15713.44
  M#Tuesday  |   15074.74   1200.323    12.56   0.000     12722.15    17427.33
M#Wednesday  |    13356.1   1202.867    11.10   0.000     10998.53    15713.68
 M#Thursday  |   15105.98   1192.614    12.67   0.000     12768.49    17443.46
   M#Friday  |   13849.19   1195.566    11.58   0.000     11505.92    16192.45
 M#Saturday  |   12626.72   1196.238    10.56   0.000     10282.14     14971.3
------------------------------------------------------------------------------

. * marginsplot
. 
. * interaction
. mixed steps i.gender##i.dow||id:, nolog

Mixed-effects ML regression                     Number of obs     =      1,050
Group variable: id                              Number of groups  =        559

                                                Obs per group:
                                                              min =          1
                                                              avg =        1.9
                                                              max =          5

                                                Wald chi2(13)     =      12.68
Log likelihood = -11449.246                     Prob > chi2       =     0.4730

------------------------------------------------------------------------------
       steps |      Coef.   Std. Err.      z    P>|z|     [95% Conf. Interval]
-------------+----------------------------------------------------------------
      gender |
          M  |   -593.919   2084.506    -0.28   0.776    -4679.476    3491.638
             |
         dow |
     Monday  |    2102.21   1623.415     1.29   0.195    -1079.624    5284.044
    Tuesday  |    4168.11   1789.064     2.33   0.020     661.6097     7674.61
  Wednesday  |   1321.978   1707.349     0.77   0.439    -2024.364     4668.32
   Thursday  |   3440.828   1821.676     1.89   0.059    -129.5913    7011.247
     Friday  |   1830.118   1693.522     1.08   0.280    -1489.124     5149.36
   Saturday  |   590.0722    1742.68     0.34   0.735    -2825.518    4005.663
             |
  gender#dow |
   M#Monday  |  -1406.398   2579.099    -0.55   0.586     -6461.34    3648.544
  M#Tuesday  |  -1596.834   2568.745    -0.62   0.534    -6631.481    3437.814
M#Wednesday  |   595.4604   2588.027     0.23   0.818     -4476.98    5667.901
 M#Thursday  |  -133.9284   2604.068    -0.05   0.959    -5237.808    4969.952
   M#Friday  |   631.3179   2583.108     0.24   0.807    -4431.481    5694.117
 M#Saturday  |   536.9454   2538.862     0.21   0.833    -4439.132    5513.023
             |
       _cons |   12420.84   1353.812     9.17   0.000     9767.421    15074.27
------------------------------------------------------------------------------

------------------------------------------------------------------------------
  Random-effects Parameters  |   Estimate   Std. Err.     [95% Conf. Interval]
-----------------------------+------------------------------------------------
id: Identity                 |
                  var(_cons) |   1.52e+08   1.28e+07      1.29e+08    1.79e+08
-----------------------------+------------------------------------------------
               var(Residual) |   8.00e+07    5198429      7.05e+07    9.09e+07
------------------------------------------------------------------------------
LR test vs. linear model: chibar2(01) = 254.28        Prob >= chibar2 = 0.0000

. margin dow, by(gender)

Predictive margins                              Number of obs     =      1,050

Expression   : Linear prediction, fixed portion, predict()
over         : gender

------------------------------------------------------------------------------
             |            Delta-method
             |     Margin   Std. Err.      z    P>|z|     [95% Conf. Interval]
-------------+----------------------------------------------------------------
  gender#dow |
   F#Sunday  |   12420.84   1353.812     9.17   0.000     9767.421    15074.27
   F#Monday  |   14523.05   1321.899    10.99   0.000     11932.18    17113.93
  F#Tuesday  |   16588.95    1519.51    10.92   0.000     13610.77    19567.14
F#Wednesday  |   13742.82   1418.525     9.69   0.000     10962.57    16523.08
 F#Thursday  |   15861.67   1515.536    10.47   0.000     12891.28    18832.07
   F#Friday  |   14250.96   1425.002    10.00   0.000     11458.01    17043.92
 F#Saturday  |   13010.92   1451.003     8.97   0.000        10167    15854.83
   M#Sunday  |   11826.93   1585.042     7.46   0.000     8720.299    14933.55
   M#Monday  |   12522.74   1602.871     7.81   0.000     9381.167    15664.31
  M#Tuesday  |    14398.2   1409.842    10.21   0.000     11634.96    17161.44
M#Wednesday  |   13744.36   1492.919     9.21   0.000      10818.3    16670.43
 M#Thursday  |   15133.82   1404.315    10.78   0.000     12381.42    17886.23
   M#Friday  |   14288.36   1482.476     9.64   0.000     11382.76    17193.96
 M#Saturday  |   12953.94    1437.03     9.01   0.000     10137.41    15770.47
------------------------------------------------------------------------------

. * marginsplot
. 
. *************************
. 
. * steps x dow x bmi group
. 
. * descriptive statistics
. bysort bmi_gr : sum steps,d

-----------------------------------------------------------------------------------------------------------------------
-> bmi_gr = 24

                            steps
-------------------------------------------------------------
      Percentiles      Smallest
 1%          874            782
 5%         2174            874
10%         3284           1163       Obs                 197
25%         6435           1258       Sum of Wgt.         197

50%         9744                      Mean           15138.88
                        Largest       Std. Dev.       15538.7
75%        15073          66652
90%        38273          71537       Variance       2.41e+08
95%        53137          72668       Skewness       2.226401
99%        72668          87212       Kurtosis       7.846787

-----------------------------------------------------------------------------------------------------------------------
-> bmi_gr = 29

                            steps
-------------------------------------------------------------
      Percentiles      Smallest
 1%          908            562
 5%         1937            596
10%         3357            814       Obs                 473
25%         5754            893       Sum of Wgt.         473

50%         8951                      Mean           14450.26
                        Largest       Std. Dev.      15167.81
75%        15988          80336
90%        33939          81864       Variance       2.30e+08
95%        49184          91477       Skewness       2.309145
99%        71825          92656       Kurtosis       8.868061

-----------------------------------------------------------------------------------------------------------------------
-> bmi_gr = 30

                            steps
-------------------------------------------------------------
      Percentiles      Smallest
 1%          916            647
 5%         2087            722
10%       2884.5            777       Obs                 380
25%         4428            916       Sum of Wgt.         380

50%         7060                      Mean            11859.6
                        Largest       Std. Dev.      14228.53
75%        11770          74684
90%        27672          77393       Variance       2.02e+08
95%        42792          80843       Skewness       2.904312
99%        74684          84179       Kurtosis        11.9473


. 
. * Mixed linear model with random intercept
. * without interaction
. mixed steps i.bmi_gr i.dow||id:, nolog

Mixed-effects ML regression                     Number of obs     =      1,050
Group variable: id                              Number of groups  =        559

                                                Obs per group:
                                                              min =          1
                                                              avg =        1.9
                                                              max =          5

                                                Wald chi2(8)      =      17.35
Log likelihood = -11446.936                     Prob > chi2       =     0.0266

------------------------------------------------------------------------------
       steps |      Coef.   Std. Err.      z    P>|z|     [95% Conf. Interval]
-------------+----------------------------------------------------------------
      bmi_gr |
         29  |  -1515.998   1683.852    -0.90   0.368    -4816.287    1784.291
         30  |  -4087.906   1736.538    -2.35   0.019    -7491.459   -684.3534
             |
         dow |
     Monday  |   1578.902    1258.66     1.25   0.210     -888.027    4045.831
    Tuesday  |   3299.635   1269.284     2.60   0.009     811.8834    5787.387
  Wednesday  |    1622.08    1279.96     1.27   0.205    -886.5953    4130.755
   Thursday  |   3362.267   1288.246     2.61   0.009     837.3513    5887.183
     Friday  |   2112.092   1275.476     1.66   0.098    -387.7945    4611.979
   Saturday  |   885.9762   1259.886     0.70   0.482    -1583.355    3355.307
             |
       _cons |   14343.34   1647.229     8.71   0.000     11114.83    17571.85
------------------------------------------------------------------------------

------------------------------------------------------------------------------
  Random-effects Parameters  |   Estimate   Std. Err.     [95% Conf. Interval]
-----------------------------+------------------------------------------------
id: Identity                 |
                  var(_cons) |   1.50e+08   1.27e+07      1.27e+08    1.77e+08
-----------------------------+------------------------------------------------
               var(Residual) |   8.00e+07    5182676      7.05e+07    9.09e+07
------------------------------------------------------------------------------
LR test vs. linear model: chibar2(01) = 255.52        Prob >= chibar2 = 0.0000

. margin bmi_gr

Predictive margins                              Number of obs     =      1,050

Expression   : Linear prediction, fixed portion, predict()

------------------------------------------------------------------------------
             |            Delta-method
             |     Margin   Std. Err.      z    P>|z|     [95% Conf. Interval]
-------------+----------------------------------------------------------------
      bmi_gr |
         24  |   16180.62    1429.22    11.32   0.000      13379.4    18981.84
         29  |   14664.62   888.1595    16.51   0.000     12923.86    16405.39
         30  |   12092.72   986.6988    12.26   0.000     10158.82    14026.61
------------------------------------------------------------------------------

. margin dow, by(bmi_gr)

Predictive margins                              Number of obs     =      1,050

Expression   : Linear prediction, fixed portion, predict()
over         : bmi_gr

-------------------------------------------------------------------------------
              |            Delta-method
              |     Margin   Std. Err.      z    P>|z|     [95% Conf. Interval]
--------------+----------------------------------------------------------------
   bmi_gr#dow |
   24#Sunday  |   14343.34   1647.229     8.71   0.000     11114.83    17571.85
   24#Monday  |   15922.25   1632.519     9.75   0.000     12722.57    19121.92
  24#Tuesday  |   17642.98   1665.114    10.60   0.000     14379.41    20906.54
24#Wednesday  |   15965.42   1640.476     9.73   0.000     12750.15     19180.7
 24#Thursday  |   17705.61   1675.561    10.57   0.000     14421.57    20989.65
   24#Friday  |   16455.44   1661.396     9.90   0.000     13199.16    19711.71
 24#Saturday  |   15229.32   1645.495     9.26   0.000     12004.21    18454.43
   29#Sunday  |   12827.35   1220.758    10.51   0.000      10434.7    15219.99
   29#Monday  |   14406.25   1213.009    11.88   0.000     12028.79     16783.7
  29#Tuesday  |   16126.98   1204.875    13.38   0.000     13765.47    18488.49
29#Wednesday  |   14449.43   1233.319    11.72   0.000     12032.16    16866.69
 29#Thursday  |   16189.61    1204.08    13.45   0.000     13829.66    18549.57
   29#Friday  |   14939.44   1215.532    12.29   0.000     12557.04    17321.84
 29#Saturday  |   13713.32   1216.134    11.28   0.000     11329.74     16096.9
   30#Sunday  |   10255.44   1291.881     7.94   0.000     7723.398    12787.48
   30#Monday  |   11834.34   1285.141     9.21   0.000      9315.51    14353.17
  30#Tuesday  |   13555.07    1302.09    10.41   0.000     11003.02    16107.12
30#Wednesday  |   11877.52   1282.172     9.26   0.000     9364.507    14390.53
 30#Thursday  |    13617.7   1294.615    10.52   0.000     11080.31     16155.1
   30#Friday  |   12367.53   1286.566     9.61   0.000     9845.907    14889.15
 30#Saturday  |   11141.41   1281.699     8.69   0.000      8629.33     13653.5
-------------------------------------------------------------------------------

. * marginsplot
. 
. * interaction
. mixed steps i.bmi_gr##i.dow||id:, nolog

Mixed-effects ML regression                     Number of obs     =      1,050
Group variable: id                              Number of groups  =        559

                                                Obs per group:
                                                              min =          1
                                                              avg =        1.9
                                                              max =          5

                                                Wald chi2(20)     =      28.72
Log likelihood = -11441.427                     Prob > chi2       =     0.0935

-------------------------------------------------------------------------------
        steps |      Coef.   Std. Err.      z    P>|z|     [95% Conf. Interval]
--------------+----------------------------------------------------------------
       bmi_gr |
          29  |   154.3842   2795.669     0.06   0.956    -5325.026    5633.794
          30  |  -4801.026   2879.474    -1.67   0.095    -10444.69    842.6402
              |
          dow |
      Monday  |   3369.021   2743.304     1.23   0.219    -2007.756    8745.799
     Tuesday  |   2121.147   2942.138     0.72   0.471    -3645.337    7887.631
   Wednesday  |   3432.527   2748.064     1.25   0.212    -1953.579    8818.634
    Thursday  |   3725.849   3041.959     1.22   0.221     -2236.28    9687.978
      Friday  |   -308.511    2912.91    -0.11   0.916    -6017.709    5400.687
    Saturday  |   2832.272   2831.857     1.00   0.317    -2718.066    8382.611
              |
   bmi_gr#dow |
   29#Monday  |  -2632.229   3308.871    -0.80   0.426    -9117.497    3853.039
  29#Tuesday  |   1253.817   3465.562     0.36   0.718    -5538.561    8046.194
29#Wednesday  |   -4759.88   3414.256    -1.39   0.163     -11451.7    1931.939
 29#Thursday  |  -2285.469   3575.246    -0.64   0.523    -9292.823    4721.884
   29#Friday  |   872.2511   3491.244     0.25   0.803    -5970.462    7714.964
 29#Saturday  |  -3555.608   3400.709    -1.05   0.296    -10220.88     3109.66
   30#Monday  |  -1725.502   3483.773    -0.50   0.620    -8553.571    5102.567
  30#Tuesday  |   1385.431   3643.637     0.38   0.704    -5755.966    8526.828
30#Wednesday  |   156.6488   3421.045     0.05   0.963    -6548.476    6861.774
 30#Thursday  |   1674.432   3716.686     0.45   0.652    -5610.139    8959.003
   30#Friday  |   5331.867   3562.922     1.50   0.135    -1651.332    12315.07
 30#Saturday  |  -1283.489   3503.613    -0.37   0.714    -8150.444    5583.467
              |
        _cons |   13887.83   2335.915     5.95   0.000     9309.517    18466.14
-------------------------------------------------------------------------------

------------------------------------------------------------------------------
  Random-effects Parameters  |   Estimate   Std. Err.     [95% Conf. Interval]
-----------------------------+------------------------------------------------
id: Identity                 |
                  var(_cons) |   1.52e+08   1.27e+07      1.29e+08    1.79e+08
-----------------------------+------------------------------------------------
               var(Residual) |   7.81e+07    5068247      6.87e+07    8.86e+07
------------------------------------------------------------------------------
LR test vs. linear model: chibar2(01) = 260.17        Prob >= chibar2 = 0.0000

. margin dow, by(bmi_gr)

Predictive margins                              Number of obs     =      1,050

Expression   : Linear prediction, fixed portion, predict()
over         : bmi_gr

-------------------------------------------------------------------------------
              |            Delta-method
              |     Margin   Std. Err.      z    P>|z|     [95% Conf. Interval]
--------------+----------------------------------------------------------------
   bmi_gr#dow |
   24#Sunday  |   13887.83   2335.915     5.95   0.000     9309.517    18466.14
   24#Monday  |   17256.85   2166.734     7.96   0.000     13010.13    21503.57
  24#Tuesday  |   16008.97   2457.882     6.51   0.000     11191.61    20826.33
24#Wednesday  |   17320.35   2208.094     7.84   0.000     12992.57    21648.14
 24#Thursday  |   17613.68   2567.947     6.86   0.000     12580.59    22646.76
   24#Friday  |   13579.32    2462.57     5.51   0.000     8752.766    18405.87
 24#Saturday  |    16720.1   2307.434     7.25   0.000     12197.61    21242.59
   29#Sunday  |   14042.21   1535.989     9.14   0.000     11031.73    17052.69
   29#Monday  |      14779   1525.208     9.69   0.000     11789.65    17768.36
  29#Tuesday  |   17417.17   1453.622    11.98   0.000     14568.13    20266.22
29#Wednesday  |   12714.86   1658.561     7.67   0.000     9464.139    15965.58
 29#Thursday  |   15482.59   1452.189    10.66   0.000     12636.35    18328.83
   29#Friday  |   14605.95   1529.189     9.55   0.000      11608.8    17603.11
 29#Saturday  |   13318.88   1507.371     8.84   0.000     10364.48    16273.27
   30#Sunday  |   9086.801   1683.708     5.40   0.000     5786.794    12386.81
   30#Monday  |   10730.32    1729.08     6.21   0.000     7341.386    14119.25
  30#Tuesday  |   12593.38   1774.668     7.10   0.000     9115.093    16071.66
30#Wednesday  |   12675.98   1610.511     7.87   0.000     9519.433    15832.52
 30#Thursday  |   14487.08   1732.301     8.36   0.000     11091.83    17882.33
   30#Friday  |   14110.16   1643.254     8.59   0.000     10889.44    17330.88
 30#Saturday  |   10635.58   1699.046     6.26   0.000     7305.516    13965.65
-------------------------------------------------------------------------------

. * marginsplot
. 
. *************************
. 
. 
. qui : mixed steps i.dow ||id:, nolog

. est store A

. 
. qui : mixed steps i.agegr i.dow||id:, nolog

. est store B

. 
. lrtest A B

Likelihood-ratio test                                 LR chi2(2)  =      9.71
(Assumption: A nested in B)                           Prob > chi2 =    0.0078

. 
. qui : mixed steps i.gender i.dow||id:, nolog

. est store C

. 
. lrtest A C

Likelihood-ratio test                                 LR chi2(1)  =      0.41
(Assumption: A nested in C)                           Prob > chi2 =    0.5237

. 
. qui : mixed steps i.bmi_gr i.dow||id:, nolog

. est store D

. 
. lrtest A D

Likelihood-ratio test                                 LR chi2(2)  =      6.59
(Assumption: A nested in D)                           Prob > chi2 =    0.0370

. 
. **
. 
. qui : mixed steps i.agegr i.gender i.dow||id:, nolog

. est store C1

. 
. lrtest B C1

Likelihood-ratio test                                 LR chi2(1)  =      0.46
(Assumption: B nested in C1)                          Prob > chi2 =    0.4970

. 
. qui : mixed steps i.agegr i.bmi_gr i.dow||id:, nolog

. est store D1

. 
. lrtest B D1

Likelihood-ratio test                                 LR chi2(2)  =      7.35
(Assumption: B nested in D1)                          Prob > chi2 =    0.0253

. 
. **
. 
. qui : mixed steps i.agegr i.bmi_gr i.gender i.dow||id:, nolog

. est store C2

. 
. lrtest D1 C2

Likelihood-ratio test                                 LR chi2(1)  =      0.36
(Assumption: D1 nested in C2)                         Prob > chi2 =    0.5462

. 
. **
. 
. *final model
. 
. * without interaction
. mixed steps i.agegr i.bmi_gr i.dow||id:, nolog

Mixed-effects ML regression                     Number of obs     =      1,050
Group variable: id                              Number of groups  =        559

                                                Obs per group:
                                                              min =          1
                                                              avg =        1.9
                                                              max =          5

                                                Wald chi2(10)     =      28.09
Log likelihood =   -11441.7                     Prob > chi2       =     0.0017

------------------------------------------------------------------------------
       steps |      Coef.   Std. Err.      z    P>|z|     [95% Conf. Interval]
-------------+----------------------------------------------------------------
       agegr |
      66-75  |   -3146.31   1289.391    -2.44   0.015    -5673.469   -619.1509
        >75  |  -5223.434   1915.742    -2.73   0.006    -8978.219   -1468.648
             |
      bmi_gr |
         29  |  -1523.369   1668.388    -0.91   0.361     -4793.35    1746.612
         30  |  -4269.418   1727.669    -2.47   0.013    -7655.588   -883.2489
             |
         dow |
     Monday  |    1550.88   1257.408     1.23   0.217    -913.5948    4015.354
    Tuesday  |   3218.808   1268.176     2.54   0.011     733.2281    5704.387
  Wednesday  |   1537.478   1278.531     1.20   0.229    -968.3976    4043.353
   Thursday  |   3421.161   1286.245     2.66   0.008     900.1665    5942.155
     Friday  |   2121.766   1274.582     1.66   0.096    -376.3686    4619.901
   Saturday  |   884.3713   1258.228     0.70   0.482    -1581.709    3350.452
             |
       _cons |   16173.79     1733.9     9.33   0.000     12775.41    19572.18
------------------------------------------------------------------------------

------------------------------------------------------------------------------
  Random-effects Parameters  |   Estimate   Std. Err.     [95% Conf. Interval]
-----------------------------+------------------------------------------------
id: Identity                 |
                  var(_cons) |   1.46e+08   1.24e+07      1.24e+08    1.73e+08
-----------------------------+------------------------------------------------
               var(Residual) |   8.01e+07    5184671      7.05e+07    9.09e+07
------------------------------------------------------------------------------
LR test vs. linear model: chibar2(01) = 251.11        Prob >= chibar2 = 0.0000

. margin dow, by(agegr bmi_gr)

Predictive margins                              Number of obs     =      1,050

Expression   : Linear prediction, fixed portion, predict()
over         : agegr bmi_gr

-------------------------------------------------------------------------------------
                    |            Delta-method
                    |     Margin   Std. Err.      z    P>|z|     [95% Conf. Interval]
--------------------+----------------------------------------------------------------
   agegr#bmi_gr#dow |
    <=65#24#Sunday  |   16173.79     1733.9     9.33   0.000     12775.41    19572.18
    <=65#24#Monday  |   17724.67   1715.288    10.33   0.000     14362.77    21086.58
   <=65#24#Tuesday  |    19392.6   1740.567    11.14   0.000     15981.15    22804.05
 <=65#24#Wednesday  |   17711.27   1717.093    10.31   0.000     14345.83    21076.71
  <=65#24#Thursday  |   19594.96   1765.212    11.10   0.000      16135.2    23054.71
    <=65#24#Friday  |   18295.56    1745.57    10.48   0.000     14874.31    21716.82
  <=65#24#Saturday  |   17058.17   1730.434     9.86   0.000     13666.58    20449.75
    <=65#29#Sunday  |   14650.43   1349.245    10.86   0.000     12005.95     17294.9
    <=65#29#Monday  |   16201.31   1334.879    12.14   0.000     13584.99    18817.62
   <=65#29#Tuesday  |   17869.23   1319.925    13.54   0.000     15282.23    20456.24
 <=65#29#Wednesday  |    16187.9   1346.279    12.02   0.000     13549.25    18826.56
  <=65#29#Thursday  |   18071.59   1339.734    13.49   0.000     15445.76    20697.42
    <=65#29#Friday  |   16772.19   1340.124    12.52   0.000      14145.6    19398.79
  <=65#29#Saturday  |    15534.8   1341.946    11.58   0.000     12904.63    18164.96
    <=65#30#Sunday  |   11904.38   1408.812     8.45   0.000     9143.156     14665.6
    <=65#30#Monday  |   13455.26   1393.445     9.66   0.000     10724.15    16186.36
   <=65#30#Tuesday  |   15123.18   1402.178    10.79   0.000     12374.96     17871.4
 <=65#30#Wednesday  |   13441.85   1385.013     9.71   0.000     10727.28    16156.43
  <=65#30#Thursday  |   15325.54   1415.169    10.83   0.000     12551.86    18099.22
    <=65#30#Friday  |   14026.14   1395.718    10.05   0.000     11290.59     16761.7
  <=65#30#Saturday  |   12788.75   1395.268     9.17   0.000     10054.07    15523.42
   66-75#24#Sunday  |   13027.48   1833.978     7.10   0.000     9432.954    16622.01
   66-75#24#Monday  |   14578.36   1836.732     7.94   0.000     10978.44    18178.29
  66-75#24#Tuesday  |   16246.29   1871.161     8.68   0.000     12578.88     19913.7
66-75#24#Wednesday  |   14564.96    1845.47     7.89   0.000     10947.91    18182.02
 66-75#24#Thursday  |   16448.65   1859.987     8.84   0.000     12803.14    20094.15
   66-75#24#Friday  |   15149.25    1867.42     8.11   0.000     11489.17    18809.33
 66-75#24#Saturday  |   13911.86   1840.476     7.56   0.000     10304.59    17519.12
   66-75#29#Sunday  |   11504.12   1445.889     7.96   0.000     8670.224    14338.01
   66-75#29#Monday  |      13055   1458.198     8.95   0.000     10196.98    15913.01
  66-75#29#Tuesday  |   14722.92   1458.403    10.10   0.000     11864.51    17581.34
66-75#29#Wednesday  |   13041.59   1477.459     8.83   0.000     10145.83    15937.36
 66-75#29#Thursday  |   14925.28   1432.318    10.42   0.000     12117.98    17732.57
   66-75#29#Friday  |   13625.88   1466.029     9.29   0.000     10752.52    16499.25
 66-75#29#Saturday  |   12388.49   1451.496     8.53   0.000     9543.607    15233.37
   66-75#30#Sunday  |   8758.066   1478.682     5.92   0.000     5859.903    11656.23
   66-75#30#Monday  |   10308.95    1489.21     6.92   0.000     7390.148    13227.74
  66-75#30#Tuesday  |   11976.87    1510.78     7.93   0.000     9015.799    14937.95
66-75#30#Wednesday  |   10295.54   1490.065     6.91   0.000     7375.069    13216.02
 66-75#30#Thursday  |   12179.23   1480.192     8.23   0.000     9278.104    15080.35
   66-75#30#Friday  |   10879.83   1494.308     7.28   0.000     7951.043    13808.62
 66-75#30#Saturday  |   9642.437   1477.974     6.52   0.000     6745.661    12539.21
     >75#24#Sunday  |   10950.36   2262.801     4.84   0.000     6515.353    15385.37
     >75#24#Monday  |   12501.24   2238.301     5.59   0.000     8114.251    16888.23
    >75#24#Tuesday  |   14169.17   2267.725     6.25   0.000     9724.509    18613.83
  >75#24#Wednesday  |   12487.84   2255.905     5.54   0.000     8066.346    16909.33
   >75#24#Thursday  |   14371.52    2270.87     6.33   0.000     9920.698    18822.34
     >75#24#Friday  |   13072.13    2244.49     5.82   0.000     8673.008    17471.25
   >75#24#Saturday  |   11834.73   2252.864     5.25   0.000     7419.199    16250.26
     >75#29#Sunday  |   9426.992     2015.1     4.68   0.000     5477.468    13376.52
     >75#29#Monday  |   10977.87   1993.988     5.51   0.000     7069.726    14886.02
    >75#29#Tuesday  |    12645.8   1995.374     6.34   0.000     8734.939    16556.66
  >75#29#Wednesday  |   10964.47   2019.771     5.43   0.000     7005.791    14923.15
   >75#29#Thursday  |   12848.15   1990.496     6.45   0.000     8946.853    16749.45
     >75#29#Friday  |   11548.76    1978.12     5.84   0.000     7671.714     15425.8
   >75#29#Saturday  |   10311.36    2002.03     5.15   0.000     6387.456    14235.27
     >75#30#Sunday  |   6680.942   2146.654     3.11   0.002     2473.578    10888.31
     >75#30#Monday  |   8231.822   2125.791     3.87   0.000     4065.349    12398.29
    >75#30#Tuesday  |    9899.75   2142.107     4.62   0.000     5701.297     14098.2
  >75#30#Wednesday  |    8218.42   2137.399     3.85   0.000     4029.195    12407.65
   >75#30#Thursday  |    10102.1   2133.799     4.73   0.000     5919.935    14284.27
     >75#30#Friday  |   8802.708   2109.091     4.17   0.000     4668.967    12936.45
   >75#30#Saturday  |   7565.314    2130.09     3.55   0.000     3390.414    11740.21
-------------------------------------------------------------------------------------

. * marginsplot
. 
. * interaction
. mixed steps i.agegr##i.bmi_gr##i.dow||id:, nolog

Mixed-effects ML regression                     Number of obs     =      1,050
Group variable: id                              Number of groups  =        559

                                                Obs per group:
                                                              min =          1
                                                              avg =        1.9
                                                              max =          5

                                                Wald chi2(62)     =      77.58
Log likelihood = -11418.166                     Prob > chi2       =     0.0876

-------------------------------------------------------------------------------------
              steps |      Coef.   Std. Err.      z    P>|z|     [95% Conf. Interval]
--------------------+----------------------------------------------------------------
              agegr |
             66-75  |  -4128.135    4908.37    -0.84   0.400    -13748.36    5492.093
               >75  |  -9439.143   7770.267    -1.21   0.224    -24668.59    5790.299
                    |
             bmi_gr |
                29  |  -1007.522   3924.089    -0.26   0.797    -8698.594    6683.551
                30  |  -6406.257   4071.713    -1.57   0.116    -14386.67    1574.155
                    |
       agegr#bmi_gr |
          66-75#29  |  -207.0013   5903.553    -0.04   0.972    -11777.75    11363.75
          66-75#30  |    1123.78   6000.095     0.19   0.851    -10636.19    12883.75
            >75#29  |   4354.565   9023.897     0.48   0.629    -13331.95    22041.08
            >75#30  |   6458.885   10040.32     0.64   0.520    -13219.77    26137.54
                    |
                dow |
            Monday  |  -2526.417   4004.646    -0.63   0.528    -10375.38    5322.544
           Tuesday  |   180.6431   3986.991     0.05   0.964    -7633.716    7995.002
         Wednesday  |  -2084.131   3794.573    -0.55   0.583    -9521.357    5353.095
          Thursday  |  -1395.488   4200.769    -0.33   0.740    -9628.844    6837.869
            Friday  |   -4924.66   4224.517    -1.17   0.244    -13204.56     3355.24
          Saturday  |  -1680.637   4098.585    -0.41   0.682    -9713.715    6352.441
                    |
          agegr#dow |
      66-75#Monday  |   8972.064   5784.052     1.55   0.121     -2364.47     20308.6
     66-75#Tuesday  |     2310.8    6373.53     0.36   0.717    -10181.09    14802.69
   66-75#Wednesday  |   8736.559   6308.389     1.38   0.166    -3627.656    21100.77
    66-75#Thursday  |   11895.38   6493.684     1.83   0.067    -832.0031    24622.77
      66-75#Friday  |    9266.18   6082.802     1.52   0.128    -2655.892    21188.25
    66-75#Saturday  |   6951.643   6110.216     1.14   0.255     -5024.16    18927.45
        >75#Monday  |   14134.07   8956.467     1.58   0.115     -3420.28    31688.43
       >75#Tuesday  |   5857.066   9561.723     0.61   0.540    -12883.57     24597.7
     >75#Wednesday  |   13853.03   7936.666     1.75   0.081    -1702.549    29408.61
      >75#Thursday  |   6966.044   9707.626     0.72   0.473    -12060.55    25992.64
        >75#Friday  |   7723.041   9662.194     0.80   0.424    -11214.51    26660.59
      >75#Saturday  |   12417.52   8537.945     1.45   0.146    -4316.542    29151.59
                    |
         bmi_gr#dow |
         29#Monday  |   2790.434   4731.671     0.59   0.555     -6483.47    12064.34
        29#Tuesday  |   3883.303   4690.306     0.83   0.408    -5309.528    13076.13
      29#Wednesday  |   1557.003   4677.229     0.33   0.739    -7610.198     10724.2
       29#Thursday  |   4274.092   4989.579     0.86   0.392    -5505.303    14053.49
         29#Friday  |   8065.066   4989.814     1.62   0.106    -1714.789    17844.92
       29#Saturday  |   2612.152   4821.572     0.54   0.588    -6837.955    12062.26
         30#Monday  |   3613.491   4975.135     0.73   0.468    -6137.595    13364.58
        30#Tuesday  |    2316.67   5012.305     0.46   0.644    -7507.267    12140.61
      30#Wednesday  |   6407.573   4707.802     1.36   0.173    -2819.549    15634.69
       30#Thursday  |    8842.89   5226.482     1.69   0.091    -1400.825    19086.61
         30#Friday  |   8832.011   5157.616     1.71   0.087    -1276.731    18940.75
       30#Saturday  |   845.0907   5055.917     0.17   0.867    -9064.325    10754.51
                    |
   agegr#bmi_gr#dow |
   66-75#29#Monday  |   -8266.77   7035.876    -1.17   0.240    -22056.83    5523.293
  66-75#29#Tuesday  |   -5087.75   7511.533    -0.68   0.498    -19810.08    9634.584
66-75#29#Wednesday  |  -10361.08   7635.479    -1.36   0.175    -25326.35     4604.18
 66-75#29#Thursday  |  -12116.43   7683.501    -1.58   0.115    -27175.82    2942.956
   66-75#29#Friday  |  -15017.82   7459.819    -2.01   0.044     -29638.8   -396.8459
 66-75#29#Saturday  |  -10180.03   7315.061    -1.39   0.164    -24517.29    4157.221
   66-75#30#Monday  |   -8159.52   7316.269    -1.12   0.265    -22499.14    6180.103
  66-75#30#Tuesday  |  -743.3246   7793.349    -0.10   0.924    -16018.01    14531.36
66-75#30#Wednesday  |  -10333.85   7652.537    -1.35   0.177    -25332.54    4664.848
 66-75#30#Thursday  |  -15896.63   7838.266    -2.03   0.043    -31259.35   -533.9105
   66-75#30#Friday  |  -3466.543   7464.201    -0.46   0.642    -18096.11    11163.02
 66-75#30#Saturday  |  -1983.808   7438.429    -0.27   0.790    -16562.86    12595.25
     >75#29#Monday  |  -11526.38   10481.13    -1.10   0.271    -32069.01    9016.249
    >75#29#Tuesday  |  -4848.682   11036.65    -0.44   0.660    -26480.13    16782.76
  >75#29#Wednesday  |  -14152.44   10357.22    -1.37   0.172    -34452.21    6147.327
   >75#29#Thursday  |  -12658.69    11007.3    -1.15   0.250     -34232.6    8915.211
     >75#29#Friday  |   -12748.5   10982.05    -1.16   0.246    -34272.93    8775.933
   >75#29#Saturday  |  -16801.63   10436.58    -1.61   0.107    -37256.95    3653.697
     >75#30#Monday  |  -14617.09   11854.03    -1.23   0.218    -37850.57     8616.39
    >75#30#Tuesday  |  -3103.738   12007.95    -0.26   0.796    -26638.89    20431.41
  >75#30#Wednesday  |  -21667.57   10631.21    -2.04   0.042    -42504.37   -830.7739
   >75#30#Thursday  |  -12240.77   12443.63    -0.98   0.325    -36629.83     12148.3
     >75#30#Friday  |  -15116.79   11806.74    -1.28   0.200    -38257.58    8024.005
   >75#30#Saturday  |  -11869.36    11401.9    -1.04   0.298    -34216.68    10477.96
                    |
              _cons |   17087.63   3285.425     5.20   0.000     10648.31    23526.94
-------------------------------------------------------------------------------------

------------------------------------------------------------------------------
  Random-effects Parameters  |   Estimate   Std. Err.     [95% Conf. Interval]
-----------------------------+------------------------------------------------
id: Identity                 |
                  var(_cons) |   1.45e+08   1.23e+07      1.23e+08    1.72e+08
-----------------------------+------------------------------------------------
               var(Residual) |   7.47e+07    4903281      6.57e+07    8.49e+07
------------------------------------------------------------------------------
LR test vs. linear model: chibar2(01) = 252.51        Prob >= chibar2 = 0.0000

. margin dow, by(agegr bmi_gr)

Predictive margins                              Number of obs     =      1,050

Expression   : Linear prediction, fixed portion, predict()
over         : agegr bmi_gr

-------------------------------------------------------------------------------------
                    |            Delta-method
                    |     Margin   Std. Err.      z    P>|z|     [95% Conf. Interval]
--------------------+----------------------------------------------------------------
   agegr#bmi_gr#dow |
    <=65#24#Sunday  |   17087.63   3285.425     5.20   0.000     10648.31    23526.94
    <=65#24#Monday  |   14561.21   3088.619     4.71   0.000      8507.63    20614.79
   <=65#24#Tuesday  |   17268.27   3245.772     5.32   0.000     10906.68    23629.87
 <=65#24#Wednesday  |    15003.5   2829.617     5.30   0.000     9457.551    20549.44
  <=65#24#Thursday  |   15692.14   3540.646     4.43   0.000     8752.602    22631.68
    <=65#24#Friday  |   12162.97   3560.893     3.42   0.001     5183.747    19142.19
  <=65#24#Saturday  |   15406.99   3272.408     4.71   0.000      8993.19    21820.79
    <=65#29#Sunday  |   16080.11     2145.8     7.49   0.000     11874.42     20285.8
    <=65#29#Monday  |   16344.12   2111.099     7.74   0.000     12206.45     20481.8
   <=65#29#Tuesday  |   20144.05   1896.521    10.62   0.000     16426.94    23861.17
 <=65#29#Wednesday  |   15552.98   2175.079     7.15   0.000      11289.9    19816.06
  <=65#29#Thursday  |   18958.71   2064.545     9.18   0.000     14912.28    23005.15
    <=65#29#Friday  |   19220.51     2032.6     9.46   0.000     15236.69    23204.34
  <=65#29#Saturday  |   17011.62   1999.193     8.51   0.000     13093.28    20929.97
    <=65#30#Sunday  |   10681.37   2405.168     4.44   0.000     5967.329    15395.41
    <=65#30#Monday  |   11768.45   2244.338     5.24   0.000     7369.624    16167.27
   <=65#30#Tuesday  |   13178.68   2406.821     5.48   0.000     8461.401    17895.97
 <=65#30#Wednesday  |   15004.81   2077.624     7.22   0.000     10932.74    19076.88
  <=65#30#Thursday  |   18128.77   2419.427     7.49   0.000     13386.78    22870.76
    <=65#30#Friday  |   14588.72   2234.598     6.53   0.000     10208.99    18968.45
  <=65#30#Saturday  |   9845.826   2358.352     4.17   0.000      5223.54    14468.11
   66-75#24#Sunday  |   12959.49   3646.653     3.55   0.000     5812.185     20106.8
   66-75#24#Monday  |   19405.14   3615.066     5.37   0.000     12319.74    26490.54
  66-75#24#Tuesday  |   15450.94   4508.925     3.43   0.001     6613.607    24288.27
66-75#24#Wednesday  |   19611.92   4547.569     4.31   0.000     10698.85    28524.99
 66-75#24#Thursday  |   23459.39   4439.019     5.28   0.000     14759.07    32159.71
   66-75#24#Friday  |   17301.01   3935.939     4.40   0.000     9586.716    25015.31
 66-75#24#Saturday  |    18230.5   3989.532     4.57   0.000     10411.16    26049.84
   66-75#29#Sunday  |   11744.97   2481.005     4.73   0.000     6882.291    16607.65
   66-75#29#Monday  |   12714.28    2576.28     4.94   0.000     7664.867     17763.7
  66-75#29#Tuesday  |   13031.97    2592.06     5.03   0.000     7951.623    18112.31
66-75#29#Wednesday  |   9593.319   2777.469     3.45   0.001      4149.58    15037.06
 66-75#29#Thursday  |   14402.53   2395.898     6.01   0.000     9706.654     19098.4
   66-75#29#Friday  |   9133.734   2845.639     3.21   0.001     3556.385    14711.08
 66-75#29#Saturday  |   9448.094   2565.374     3.68   0.000     4420.053    14476.14
   66-75#30#Sunday  |   7677.016   2474.714     3.10   0.002     2826.666    12527.37
   66-75#30#Monday  |   9576.635   2868.061     3.34   0.001     3955.338    15197.93
  66-75#30#Tuesday  |    11741.8   2842.771     4.13   0.000     6170.076    17313.53
66-75#30#Wednesday  |   10403.17   2786.945     3.73   0.000     4940.857    15865.48
 66-75#30#Thursday  |   11123.17   2547.033     4.37   0.000     6131.078    16115.27
   66-75#30#Friday  |      17384   2780.796     6.25   0.000     11933.74    22834.26
 66-75#30#Saturday  |   11809.31   2563.465     4.61   0.000     6785.007     16833.6
     >75#24#Sunday  |   7648.486   7041.521     1.09   0.277    -6152.643    21449.61
     >75#24#Monday  |   19256.14   5128.176     3.75   0.000     9205.101    29307.18
    >75#24#Tuesday  |   13686.19   6014.764     2.28   0.023     1897.473    25474.92
  >75#24#Wednesday  |   19417.39   5148.611     3.77   0.000     9326.292    29508.48
   >75#24#Thursday  |   13219.04   6174.568     2.14   0.032      1117.11    25320.97
     >75#24#Friday  |   10446.87   6098.975     1.71   0.087    -1506.904    22400.64
   >75#24#Saturday  |   18385.37   5147.592     3.57   0.000     8296.276    28474.47
     >75#29#Sunday  |   10995.53   4055.763     2.71   0.007     3046.379    18944.68
     >75#29#Monday  |   13867.24   3719.807     3.73   0.000     6576.551    21157.93
    >75#29#Tuesday  |   16067.86   3887.881     4.13   0.000     8447.753    23687.97
  >75#29#Wednesday  |   10168.99   5241.807     1.94   0.052    -104.7647    20442.74
   >75#29#Thursday  |   8181.486   3479.421     2.35   0.019     1361.945    15001.03
     >75#29#Friday  |   9110.478   3596.732     2.53   0.011     2061.014    16159.94
   >75#29#Saturday  |   7542.942   4289.944     1.76   0.079    -865.1946    15951.08
     >75#30#Sunday  |   7701.113    5886.09     1.31   0.191    -3835.411    19237.64
     >75#30#Monday  |   8305.171   5930.489     1.40   0.161    -3318.374    19928.72
    >75#30#Tuesday  |   12951.75   5520.112     2.35   0.019     2132.533    23770.97
  >75#30#Wednesday  |   4210.014   5126.793     0.82   0.412    -5838.315    14258.34
   >75#30#Thursday  |   9873.795    6905.16     1.43   0.153     -3660.07    23407.66
     >75#30#Friday  |    4214.72   4457.457     0.95   0.344    -4521.734    12951.18
   >75#30#Saturday  |   7413.732   5889.385     1.26   0.208     -4129.25    18956.71
-------------------------------------------------------------------------------------

. * marginsplot
. 
end of do-file

. log close
      name:  <unnamed>
       log:  /Users/hteza/Desktop/Class/RACE626/Assignment_3_LA/Notable - Export (64B1)/A3LA.log
  log type:  text
 closed on:   9 Mar 2020, 22:13:17
-----------------------------------------------------------------------------------------------------------------------
